android/build/outputs/logs/manifest-merger-debug-report.txt
-- Merging decision tree log ---
manifest
ADDED from src/main/AndroidManifest.xml:17:1-509:12
	package
		ADDED from src/main/AndroidManifest.xml:19:5-46
	android:versionName
		ADDED from src/main/AndroidManifest.xml:21:5-32
		INJECTED from src/main/AndroidManifest.xml
		INJECTED from src/main/AndroidManifest.xml
	xmlns:tools
		ADDED from src/main/AndroidManifest.xml:18:5-51
	android:versionCode
		ADDED from src/main/AndroidManifest.xml:20:5-30
		INJECTED from src/main/AndroidManifest.xml
		INJECTED from src/main/AndroidManifest.xml
	xmlns:android
		ADDED from src/main/AndroidManifest.xml:17:11-69
	android:installLocation
		ADDED from src/main/AndroidManifest.xml:22:5-35
permission#com.google.samples.apps.iosched.permission.WRITE_SCHEDULE
ADDED from src/main/AndroidManifest.xml:30:5-34:44
	android:label
		ADDED from src/main/AndroidManifest.xml:33:9-49
	android:protectionLevel
		ADDED from src/main/AndroidManifest.xml:34:9-41
	android:description
		ADDED from src/main/AndroidManifest.xml:32:9-55
	android:name
		ADDED from src/main/AndroidManifest.xml:31:9-81
uses-permission#android.permission.RECEIVE_BOOT_COMPLETED
ADDED from src/main/AndroidManifest.xml:36:5-81
	android:name
		ADDED from src/main/AndroidManifest.xml:36:22-78
uses-permission#android.permission.INTERNET
ADDED from src/main/AndroidManifest.xml:37:5-67
	android:name
		ADDED from src/main/AndroidManifest.xml:37:22-64
uses-permission#android.permission.GET_ACCOUNTS
ADDED from src/main/AndroidManifest.xml:38:5-71
	android:name
		ADDED from src/main/AndroidManifest.xml:38:22-68
uses-permission#android.permission.USE_CREDENTIALS
ADDED from src/main/AndroidManifest.xml:39:5-74
	android:name
		ADDED from src/main/AndroidManifest.xml:39:22-71
uses-permission#android.permission.ACCESS_NETWORK_STATE
ADDED from src/main/AndroidManifest.xml:40:5-79
	android:name
		ADDED from src/main/AndroidManifest.xml:40:22-76
uses-permission#android.permission.ACCESS_WIFI_STATE
ADDED from src/main/AndroidManifest.xml:41:5-76
	android:name
		ADDED from src/main/AndroidManifest.xml:41:22-73
uses-permission#android.permission.CHANGE_WIFI_STATE
ADDED from src/main/AndroidManifest.xml:42:5-76
	android:name
		ADDED from src/main/AndroidManifest.xml:42:22-73
uses-permission#android.permission.WRITE_EXTERNAL_STORAGE
ADDED from src/main/AndroidManifest.xml:43:5-81
	android:name
		ADDED from src/main/AndroidManifest.xml:43:22-78
uses-permission#android.permission.READ_SYNC_SETTINGS
ADDED from src/main/AndroidManifest.xml:44:5-77
	android:name
		ADDED from src/main/AndroidManifest.xml:44:22-74
uses-permission#android.permission.READ_SYNC_STATS
ADDED from src/main/AndroidManifest.xml:45:5-74
	android:name
		ADDED from src/main/AndroidManifest.xml:45:22-71
uses-permission#android.permission.VIBRATE
ADDED from src/main/AndroidManifest.xml:46:5-66
	android:name
		ADDED from src/main/AndroidManifest.xml:46:22-63
uses-permission#android.permission.NFC
ADDED from src/main/AndroidManifest.xml:47:5-62
	android:name
		ADDED from src/main/AndroidManifest.xml:47:22-59
uses-permission#com.google.android.providers.gsf.permission.READ_GSERVICES
ADDED from src/main/AndroidManifest.xml:49:5-98
	android:name
		ADDED from src/main/AndroidManifest.xml:49:22-95
uses-permission#android.permission.READ_CALENDAR
ADDED from src/main/AndroidManifest.xml:51:5-72
	android:name
		ADDED from src/main/AndroidManifest.xml:51:22-69
uses-permission#android.permission.WRITE_CALENDAR
ADDED from src/main/AndroidManifest.xml:52:5-73
	android:name
		ADDED from src/main/AndroidManifest.xml:52:22-70
uses-permission#android.permission.WRITE_SYNC_SETTINGS
ADDED from src/main/AndroidManifest.xml:54:5-78
	android:name
		ADDED from src/main/AndroidManifest.xml:54:22-75
uses-permission#android.permission.WAKE_LOCK
ADDED from src/main/AndroidManifest.xml:56:5-68
	android:name
		ADDED from src/main/AndroidManifest.xml:56:22-65
uses-permission#com.google.android.c2dm.permission.RECEIVE
ADDED from src/main/AndroidManifest.xml:57:5-82
	android:name
		ADDED from src/main/AndroidManifest.xml:57:22-79
permission#com.google.samples.apps.iosched.permission.C2D_MESSAGE
ADDED from src/main/AndroidManifest.xml:59:5-61:47
	android:protectionLevel
		ADDED from src/main/AndroidManifest.xml:61:9-44
	android:name
		ADDED from src/main/AndroidManifest.xml:60:9-78
uses-permission#com.google.samples.apps.iosched.permission.C2D_MESSAGE
ADDED from src/main/AndroidManifest.xml:63:5-94
	android:name
		ADDED from src/main/AndroidManifest.xml:63:22-91
permission#com.google.samples.apps.iosched.permission.MAPS_RECEIVE
ADDED from src/main/AndroidManifest.xml:66:5-68:47
	android:protectionLevel
		ADDED from src/main/AndroidManifest.xml:68:9-44
	android:name
		ADDED from src/main/AndroidManifest.xml:67:9-79
uses-permission#com.google.samples.apps.iosched.permission.MAPS_RECEIVE
ADDED from src/main/AndroidManifest.xml:70:5-95
	android:name
		ADDED from src/main/AndroidManifest.xml:70:22-92
uses-feature#0x00020000
ADDED from src/main/AndroidManifest.xml:72:5-74:35
	android:glEsVersion
		ADDED from src/main/AndroidManifest.xml:73:9-41
	android:required
		ADDED from src/main/AndroidManifest.xml:74:9-32
uses-permission#android.permission.READ_EXTERNAL_STORAGE
ADDED from src/main/AndroidManifest.xml:76:5-78:38
	android:maxSdkVersion
		ADDED from src/main/AndroidManifest.xml:78:9-35
	android:name
		ADDED from src/main/AndroidManifest.xml:77:9-64
application
ADDED from src/main/AndroidManifest.xml:80:5-507:19
MERGED from [com.google.android.gms:play-services-analytics:7.0.0] AndroidManifest.xml:19:5-20
MERGED from [com.google.android.gms:play-services-base:7.0.0] AndroidManifest.xml:20:5-24:19
MERGED from [com.android.support:support-v4:23.0.1] AndroidManifest.xml:22:5-20
MERGED from [com.google.android.gms:play-services-drive:7.0.0] AndroidManifest.xml:19:5-20
MERGED from [com.google.android.gms:play-services-base:7.0.0] AndroidManifest.xml:20:5-24:19
MERGED from [com.android.support:support-v4:23.0.1] AndroidManifest.xml:22:5-20
MERGED from [com.google.android.gms:play-services-maps:7.0.0] AndroidManifest.xml:19:5-20
MERGED from [com.google.android.gms:play-services-base:7.0.0] AndroidManifest.xml:20:5-24:19
MERGED from [com.android.support:support-v4:23.0.1] AndroidManifest.xml:22:5-20
MERGED from [com.google.android.gms:play-services-plus:7.0.0] AndroidManifest.xml:19:5-20
MERGED from [com.google.android.gms:play-services-base:7.0.0] AndroidManifest.xml:20:5-24:19
MERGED from [com.android.support:support-v4:23.0.1] AndroidManifest.xml:22:5-20
MERGED from [com.google.android.gms:play-services-wearable:7.0.0] AndroidManifest.xml:19:5-20
MERGED from [com.google.android.gms:play-services-base:7.0.0] AndroidManifest.xml:20:5-24:19
MERGED from [com.android.support:support-v4:23.0.1] AndroidManifest.xml:22:5-20
MERGED from [com.android.support:appcompat-v7:23.0.1] AndroidManifest.xml:22:5-20
MERGED from [com.android.support:support-v4:23.0.1] AndroidManifest.xml:22:5-20
MERGED from [com.android.support:cardview-v7:23.0.1] AndroidManifest.xml:22:5-20
MERGED from [com.android.support:design:23.0.1] AndroidManifest.xml:22:5-20
MERGED from [com.android.support:support-v4:23.0.1] AndroidManifest.xml:22:5-20
MERGED from [com.android.support:appcompat-v7:23.0.1] AndroidManifest.xml:22:5-20
MERGED from [com.android.support:support-v4:23.0.1] AndroidManifest.xml:22:5-20
MERGED from [com.android.support:support-v13:23.0.1] AndroidManifest.xml:22:5-20
MERGED from [com.android.support:support-v4:23.0.1] AndroidManifest.xml:22:5-20
MERGED from [:android-sliding-up-panel-master-8129831576:] AndroidManifest.xml:9:5-20
MERGED from [com.google.maps.android:android-maps-utils:0.3.4] AndroidManifest.xml:7:5-20
MERGED from [com.android.support.test.espresso:espresso-idling-resource:2.0] AndroidManifest.xml:24:5-20
	android:label
		ADDED from src/main/AndroidManifest.xml:85:9-41
	android:supportsRtl
		ADDED from src/main/AndroidManifest.xml:87:9-35
	android:hardwareAccelerated
		ADDED from src/main/AndroidManifest.xml:83:9-43
	android:allowBackup
		ADDED from src/main/AndroidManifest.xml:82:9-36
	android:icon
		ADDED from src/main/AndroidManifest.xml:84:9-43
	android:theme
		ADDED from src/main/AndroidManifest.xml:88:9-45
	android:logo
		ADDED from src/main/AndroidManifest.xml:86:9-48
	android:name
		ADDED from src/main/AndroidManifest.xml:81:9-39
meta-data#com.google.android.gms.version
ADDED from src/main/AndroidManifest.xml:91:9-93:69
MERGED from [com.google.android.gms:play-services-base:7.0.0] AndroidManifest.xml:21:9-23:69
MERGED from [com.google.android.gms:play-services-base:7.0.0] AndroidManifest.xml:21:9-23:69
MERGED from [com.google.android.gms:play-services-base:7.0.0] AndroidManifest.xml:21:9-23:69
MERGED from [com.google.android.gms:play-services-base:7.0.0] AndroidManifest.xml:21:9-23:69
MERGED from [com.google.android.gms:play-services-base:7.0.0] AndroidManifest.xml:21:9-23:69
	android:value
		ADDED from src/main/AndroidManifest.xml:93:13-66
	android:name
		ADDED from src/main/AndroidManifest.xml:92:13-58
meta-data#com.google.android.maps.v2.API_KEY
ADDED from src/main/AndroidManifest.xml:96:9-98:52
	android:value
		ADDED from src/main/AndroidManifest.xml:98:13-49
	android:name
		ADDED from src/main/AndroidManifest.xml:97:13-62
activity#com.google.samples.apps.iosched.explore.ExploreIOActivity
ADDED from src/main/AndroidManifest.xml:102:9-130:20
	android:label
		ADDED from src/main/AndroidManifest.xml:104:13-45
	android:theme
		ADDED from src/main/AndroidManifest.xml:105:13-58
	android:name
		ADDED from src/main/AndroidManifest.xml:103:13-54
intent-filter#android.intent.action.MAIN+android.intent.category.LAUNCHER
ADDED from src/main/AndroidManifest.xml:106:13-109:29
action#android.intent.action.MAIN
ADDED from src/main/AndroidManifest.xml:107:17-69
	android:name
		ADDED from src/main/AndroidManifest.xml:107:25-66
category#android.intent.category.LAUNCHER
ADDED from src/main/AndroidManifest.xml:108:17-77
	android:name
		ADDED from src/main/AndroidManifest.xml:108:27-74
intent-filter#android.intent.action.VIEW+android.intent.category.BROWSABLE+android.intent.category.DEFAULT
ADDED from src/main/AndroidManifest.xml:111:13-129:29
	android:label
		ADDED from src/main/AndroidManifest.xml:111:28-60
	android:priority
		ADDED from src/main/AndroidManifest.xml:112:21-41
action#android.intent.action.VIEW
ADDED from src/main/AndroidManifest.xml:113:17-69
	android:name
		ADDED from src/main/AndroidManifest.xml:113:25-66
category#android.intent.category.DEFAULT
ADDED from src/main/AndroidManifest.xml:115:17-76
	android:name
		ADDED from src/main/AndroidManifest.xml:115:27-73
category#android.intent.category.BROWSABLE
ADDED from src/main/AndroidManifest.xml:116:17-78
	android:name
		ADDED from src/main/AndroidManifest.xml:116:27-75
data
ADDED from src/main/AndroidManifest.xml:121:17-124:45
	android:host
		ADDED from src/main/AndroidManifest.xml:122:21-61
	android:scheme
		ADDED from src/main/AndroidManifest.xml:124:21-42
	android:pathPattern
		ADDED from src/main/AndroidManifest.xml:123:21-52
activity#com.google.samples.apps.iosched.myschedule.MyScheduleActivity
ADDED from src/main/AndroidManifest.xml:131:9-198:20
	android:label
		ADDED from src/main/AndroidManifest.xml:133:13-54
	android:parentActivityName
		ADDED from src/main/AndroidManifest.xml:134:13-68
	android:launchMode
		ADDED from src/main/AndroidManifest.xml:135:13-43
	android:exported
		ADDED from src/main/AndroidManifest.xml:137:13-36
	android:theme
		ADDED from src/main/AndroidManifest.xml:136:13-60
	android:name
		ADDED from src/main/AndroidManifest.xml:132:13-58
meta-data#android.support.PARENT_ACTIVITY
ADDED from src/main/AndroidManifest.xml:138:13-140:62
	android:value
		ADDED from src/main/AndroidManifest.xml:140:17-59
	android:name
		ADDED from src/main/AndroidManifest.xml:139:17-63
activity#com.google.samples.apps.iosched.explore.ExploreSessionsActivity
ADDED from src/main/AndroidManifest.xml:200:9-212:20
	android:label
		ADDED from src/main/AndroidManifest.xml:202:13-36
	android:exported
		ADDED from src/main/AndroidManifest.xml:204:13-36
	android:theme
		ADDED from src/main/AndroidManifest.xml:203:13-63
	android:name
		ADDED from src/main/AndroidManifest.xml:201:13-60
intent-filter#android.intent.action.VIEW+android.intent.category.DEFAULT
ADDED from src/main/AndroidManifest.xml:205:13-211:29
activity#com.google.samples.apps.iosched.settings.SettingsActivity
ADDED from src/main/AndroidManifest.xml:214:9-223:20
	android:label
		ADDED from src/main/AndroidManifest.xml:216:13-51
	android:parentActivityName
		ADDED from src/main/AndroidManifest.xml:217:13-68
	android:exported
		ADDED from src/main/AndroidManifest.xml:219:13-37
	android:theme
		ADDED from src/main/AndroidManifest.xml:218:13-63
	android:name
		ADDED from src/main/AndroidManifest.xml:215:13-54
activity#com.google.samples.apps.iosched.ui.SearchActivity
ADDED from src/main/AndroidManifest.xml:225:9-242:20
	android:label
		ADDED from src/main/AndroidManifest.xml:227:13-49
	android:launchMode
		ADDED from src/main/AndroidManifest.xml:229:13-43
	android:exported
		ADDED from src/main/AndroidManifest.xml:230:13-37
	android:theme
		ADDED from src/main/AndroidManifest.xml:228:13-56
	android:name
		ADDED from src/main/AndroidManifest.xml:226:13-46
intent-filter#android.intent.action.SEARCH
ADDED from src/main/AndroidManifest.xml:232:13-238:29
action#android.intent.action.SEARCH
ADDED from src/main/AndroidManifest.xml:233:17-71
	android:name
		ADDED from src/main/AndroidManifest.xml:233:25-68
meta-data#android.app.searchable
ADDED from src/main/AndroidManifest.xml:239:13-241:54
	android:resource
		ADDED from src/main/AndroidManifest.xml:241:17-51
	android:name
		ADDED from src/main/AndroidManifest.xml:240:17-54
activity#com.google.samples.apps.iosched.feedback.SessionFeedbackActivity
ADDED from src/main/AndroidManifest.xml:243:9-259:20
	android:label
		ADDED from src/main/AndroidManifest.xml:245:13-59
	android:parentActivityName
		ADDED from src/main/AndroidManifest.xml:247:13-68
	android:exported
		ADDED from src/main/AndroidManifest.xml:248:13-37
	android:theme
		ADDED from src/main/AndroidManifest.xml:246:13-58
	android:name
		ADDED from src/main/AndroidManifest.xml:244:13-61
activity#com.google.samples.apps.iosched.welcome.WelcomeActivity
ADDED from src/main/AndroidManifest.xml:261:9-264:40
	android:exported
		ADDED from src/main/AndroidManifest.xml:264:13-37
	android:theme
		ADDED from src/main/AndroidManifest.xml:263:13-57
	android:name
		ADDED from src/main/AndroidManifest.xml:262:13-52
activity#com.google.samples.apps.iosched.videolibrary.VideoLibraryActivity
ADDED from src/main/AndroidManifest.xml:266:9-275:20
	android:label
		ADDED from src/main/AndroidManifest.xml:269:13-56
	android:parentActivityName
		ADDED from src/main/AndroidManifest.xml:270:13-68
	android:exported
		ADDED from src/main/AndroidManifest.xml:271:13-37
	android:theme
		ADDED from src/main/AndroidManifest.xml:268:13-62
	android:name
		ADDED from src/main/AndroidManifest.xml:267:13-62
activity#com.google.samples.apps.iosched.videolibrary.VideoLibraryFilteredActivity
ADDED from src/main/AndroidManifest.xml:277:9-286:20
	android:label
		ADDED from src/main/AndroidManifest.xml:280:13-56
	android:parentActivityName
		ADDED from src/main/AndroidManifest.xml:281:13-76
	android:exported
		ADDED from src/main/AndroidManifest.xml:282:13-37
	android:theme
		ADDED from src/main/AndroidManifest.xml:279:13-62
	android:name
		ADDED from src/main/AndroidManifest.xml:278:13-70
activity#com.google.samples.apps.iosched.session.SessionDetailActivity
ADDED from src/main/AndroidManifest.xml:288:9-312:20
	android:label
		ADDED from src/main/AndroidManifest.xml:290:13-57
	android:exported
		ADDED from src/main/AndroidManifest.xml:292:13-36
	android:theme
		ADDED from src/main/AndroidManifest.xml:291:13-64
	android:name
		ADDED from src/main/AndroidManifest.xml:289:13-58
intent-filter#android.intent.category.DEFAULT+android.nfc.action.NDEF_DISCOVERED
ADDED from src/main/AndroidManifest.xml:301:13-307:29
action#android.nfc.action.NDEF_DISCOVERED
ADDED from src/main/AndroidManifest.xml:302:17-77
	android:name
		ADDED from src/main/AndroidManifest.xml:302:25-74
activity#com.google.samples.apps.iosched.map.MapActivity
ADDED from src/main/AndroidManifest.xml:314:9-323:20
	android:label
		ADDED from src/main/AndroidManifest.xml:317:13-46
	android:parentActivityName
		ADDED from src/main/AndroidManifest.xml:318:13-68
	android:exported
		ADDED from src/main/AndroidManifest.xml:316:13-36
	android:theme
		ADDED from src/main/AndroidManifest.xml:319:13-53
	android:name
		ADDED from src/main/AndroidManifest.xml:315:13-44
activity#com.google.samples.apps.iosched.social.SocialActivity
ADDED from src/main/AndroidManifest.xml:325:9-334:20
	android:label
		ADDED from src/main/AndroidManifest.xml:327:13-62
	android:parentActivityName
		ADDED from src/main/AndroidManifest.xml:328:13-68
	android:exported
		ADDED from src/main/AndroidManifest.xml:330:13-37
	android:theme
		ADDED from src/main/AndroidManifest.xml:329:13-63
	android:name
		ADDED from src/main/AndroidManifest.xml:326:13-50
activity#com.google.samples.apps.iosched.about.AboutActivity
ADDED from src/main/AndroidManifest.xml:336:9-345:20
	android:label
		ADDED from src/main/AndroidManifest.xml:338:13-54
	android:parentActivityName
		ADDED from src/main/AndroidManifest.xml:339:13-68
	android:exported
		ADDED from src/main/AndroidManifest.xml:341:13-37
	android:theme
		ADDED from src/main/AndroidManifest.xml:340:13-63
	android:name
		ADDED from src/main/AndroidManifest.xml:337:13-48
activity#com.google.samples.apps.iosched.ui.TaskStackBuilderProxyActivity
ADDED from src/main/AndroidManifest.xml:349:9-352:40
	android:exported
		ADDED from src/main/AndroidManifest.xml:352:13-37
	android:theme
		ADDED from src/main/AndroidManifest.xml:351:13-59
	android:name
		ADDED from src/main/AndroidManifest.xml:350:13-61
activity#com.google.samples.apps.iosched.debug.DebugActivity
ADDED from src/main/AndroidManifest.xml:353:9-362:20
	android:label
		ADDED from src/main/AndroidManifest.xml:355:13-69
	android:parentActivityName
		ADDED from src/main/AndroidManifest.xml:356:13-68
	android:exported
		ADDED from src/main/AndroidManifest.xml:358:13-37
	android:theme
		ADDED from src/main/AndroidManifest.xml:357:13-49
	android:name
		ADDED from src/main/AndroidManifest.xml:354:13-48
activity#com.google.samples.apps.iosched.debug.actions.ViewFilesInAppFolderActivity
ADDED from src/main/AndroidManifest.xml:363:9-367:49
	android:label
		ADDED from src/main/AndroidManifest.xml:365:13-57
	android:parentActivityName
		ADDED from src/main/AndroidManifest.xml:366:13-62
	android:exported
		ADDED from src/main/AndroidManifest.xml:367:13-37
	android:name
		ADDED from src/main/AndroidManifest.xml:364:13-71
receiver#com.google.samples.apps.iosched.receiver.SessionAlarmReceiver
ADDED from src/main/AndroidManifest.xml:370:9-375:20
	android:name
		ADDED from src/main/AndroidManifest.xml:370:19-64
intent-filter#android.intent.action.BOOT_COMPLETED+com.google.samples.apps.iosched.action.UPDATE_CALENDAR_COMPLETED
ADDED from src/main/AndroidManifest.xml:371:13-374:29
action#android.intent.action.BOOT_COMPLETED
ADDED from src/main/AndroidManifest.xml:372:17-79
	android:name
		ADDED from src/main/AndroidManifest.xml:372:25-76
action#com.google.samples.apps.iosched.action.UPDATE_CALENDAR_COMPLETED
ADDED from src/main/AndroidManifest.xml:373:17-107
	android:name
		ADDED from src/main/AndroidManifest.xml:373:25-104
service#com.google.samples.apps.iosched.service.SessionAlarmService
ADDED from src/main/AndroidManifest.xml:377:9-379:39
	android:exported
		ADDED from src/main/AndroidManifest.xml:379:13-37
	android:name
		ADDED from src/main/AndroidManifest.xml:378:13-56
service#com.google.samples.apps.iosched.service.SessionCalendarService
ADDED from src/main/AndroidManifest.xml:380:9-382:39
	android:exported
		ADDED from src/main/AndroidManifest.xml:382:13-37
	android:name
		ADDED from src/main/AndroidManifest.xml:381:13-59
service#com.google.android.gms.analytics.CampaignTrackingService
ADDED from src/main/AndroidManifest.xml:387:9-389:40
	android:exported
		ADDED from src/main/AndroidManifest.xml:389:13-37
	android:name
		ADDED from src/main/AndroidManifest.xml:388:13-84
receiver#com.google.android.gms.analytics.CampaignTrackingReceiver
ADDED from src/main/AndroidManifest.xml:394:9-400:20
	android:exported
		ADDED from src/main/AndroidManifest.xml:396:13-36
	android:name
		ADDED from src/main/AndroidManifest.xml:395:13-85
intent-filter#com.android.vending.INSTALL_REFERRER
ADDED from src/main/AndroidManifest.xml:397:13-399:29
action#com.android.vending.INSTALL_REFERRER
ADDED from src/main/AndroidManifest.xml:398:17-79
	android:name
		ADDED from src/main/AndroidManifest.xml:398:25-76
receiver#com.google.samples.apps.iosched.gcm.GCMRedirectedBroadcastReceiver
ADDED from src/main/AndroidManifest.xml:412:9-424:20
	android:permission
		ADDED from src/main/AndroidManifest.xml:414:13-73
	android:name
		ADDED from src/main/AndroidManifest.xml:413:13-63
intent-filter#com.google.android.c2dm.intent.RECEIVE+com.google.android.c2dm.intent.REGISTRATION+com.google.samples.apps.iosched
ADDED from src/main/AndroidManifest.xml:415:13-423:29
action#com.google.android.c2dm.intent.RECEIVE
ADDED from src/main/AndroidManifest.xml:418:17-81
	android:name
		ADDED from src/main/AndroidManifest.xml:418:25-78
action#com.google.android.c2dm.intent.REGISTRATION
ADDED from src/main/AndroidManifest.xml:420:17-86
	android:name
		ADDED from src/main/AndroidManifest.xml:420:25-83
category#com.google.samples.apps.iosched
ADDED from src/main/AndroidManifest.xml:422:17-76
	android:name
		ADDED from src/main/AndroidManifest.xml:422:27-73
service#com.google.samples.apps.iosched.gcm.GCMIntentService
ADDED from src/main/AndroidManifest.xml:433:9-57
	android:name
		ADDED from src/main/AndroidManifest.xml:433:18-54
provider#com.google.samples.apps.iosched.provider.ScheduleProvider
ADDED from src/main/AndroidManifest.xml:437:9-443:99
	android:authorities
		ADDED from src/main/AndroidManifest.xml:439:13-66
	android:label
		ADDED from src/main/AndroidManifest.xml:441:13-45
	android:syncable
		ADDED from src/main/AndroidManifest.xml:442:13-36
	android:exported
		ADDED from src/main/AndroidManifest.xml:440:13-36
	android:name
		ADDED from src/main/AndroidManifest.xml:438:13-54
	android:writePermission
		ADDED from src/main/AndroidManifest.xml:443:13-96
service#com.google.samples.apps.iosched.sync.SyncService
ADDED from src/main/AndroidManifest.xml:445:9-456:19
	android:exported
		ADDED from src/main/AndroidManifest.xml:447:13-36
	tools:ignore
		ADDED from src/main/AndroidManifest.xml:448:13-43
	android:name
		ADDED from src/main/AndroidManifest.xml:446:13-45
intent-filter#android.content.SyncAdapter
ADDED from src/main/AndroidManifest.xml:449:13-451:29
action#android.content.SyncAdapter
ADDED from src/main/AndroidManifest.xml:450:17-70
	android:name
		ADDED from src/main/AndroidManifest.xml:450:25-67
meta-data#android.content.SyncAdapter
ADDED from src/main/AndroidManifest.xml:453:13-455:55
	android:resource
		ADDED from src/main/AndroidManifest.xml:455:17-52
	android:name
		ADDED from src/main/AndroidManifest.xml:454:17-59
service#com.google.samples.apps.iosched.service.DataBootstrapService
ADDED from src/main/AndroidManifest.xml:461:9-463:40
	android:exported
		ADDED from src/main/AndroidManifest.xml:463:13-37
	android:name
		ADDED from src/main/AndroidManifest.xml:462:13-57
receiver#com.google.samples.apps.iosched.sync.TriggerSyncReceiver
ADDED from src/main/AndroidManifest.xml:469:9-62
	android:name
		ADDED from src/main/AndroidManifest.xml:469:19-59
meta-data#android.app.default_searchable
ADDED from src/main/AndroidManifest.xml:473:9-475:58
	android:value
		ADDED from src/main/AndroidManifest.xml:475:13-55
	android:name
		ADDED from src/main/AndroidManifest.xml:474:13-58
receiver#com.google.samples.apps.iosched.appwidget.ScheduleWidgetProvider
ADDED from src/main/AndroidManifest.xml:479:9-489:20
	android:enabled
		ADDED from src/main/AndroidManifest.xml:481:13-35
	android:name
		ADDED from src/main/AndroidManifest.xml:480:13-61
intent-filter#android.appwidget.action.APPWIDGET_UPDATE
ADDED from src/main/AndroidManifest.xml:482:13-484:29
action#android.appwidget.action.APPWIDGET_UPDATE
ADDED from src/main/AndroidManifest.xml:483:17-84
	android:name
		ADDED from src/main/AndroidManifest.xml:483:25-81
meta-data#android.appwidget.provider
ADDED from src/main/AndroidManifest.xml:486:13-488:54
	android:resource
		ADDED from src/main/AndroidManifest.xml:488:17-51
	android:name
		ADDED from src/main/AndroidManifest.xml:487:17-58
service#com.google.samples.apps.iosched.appwidget.ScheduleWidgetRemoteViewsService
ADDED from src/main/AndroidManifest.xml:493:9-497:72
	android:enabled
		ADDED from src/main/AndroidManifest.xml:495:13-35
	android:exported
		ADDED from src/main/AndroidManifest.xml:496:13-37
	android:permission
		ADDED from src/main/AndroidManifest.xml:497:13-69
	android:name
		ADDED from src/main/AndroidManifest.xml:494:13-71
service#com.google.samples.apps.iosched.feedback.FeedbackWearableListenerService
ADDED from src/main/AndroidManifest.xml:500:9-506:19
	android:exported
		ADDED from src/main/AndroidManifest.xml:502:13-37
	android:name
		ADDED from src/main/AndroidManifest.xml:501:13-69
intent-filter#com.google.android.gms.wearable.BIND_LISTENER
ADDED from src/main/AndroidManifest.xml:503:13-505:29
action#com.google.android.gms.wearable.BIND_LISTENER
ADDED from src/main/AndroidManifest.xml:504:17-88
	android:name
		ADDED from src/main/AndroidManifest.xml:504:25-85
uses-sdk
INJECTED from src/main/AndroidManifest.xml reason: use-sdk injection requested
MERGED from [com.google.android.gms:play-services-analytics:7.0.0] AndroidManifest.xml:18:5-42
MERGED from [com.google.android.gms:play-services-base:7.0.0] AndroidManifest.xml:18:5-42
MERGED from [com.android.support:support-v4:23.0.1] AndroidManifest.xml:20:5-43
MERGED from [com.google.android.gms:play-services-drive:7.0.0] AndroidManifest.xml:18:5-42
MERGED from [com.google.android.gms:play-services-base:7.0.0] AndroidManifest.xml:18:5-42
MERGED from [com.android.support:support-v4:23.0.1] AndroidManifest.xml:20:5-43
MERGED from [com.google.android.gms:play-services-maps:7.0.0] AndroidManifest.xml:18:5-42
MERGED from [com.google.android.gms:play-services-base:7.0.0] AndroidManifest.xml:18:5-42
MERGED from [com.android.support:support-v4:23.0.1] AndroidManifest.xml:20:5-43
MERGED from [com.google.android.gms:play-services-plus:7.0.0] AndroidManifest.xml:18:5-42
MERGED from [com.google.android.gms:play-services-base:7.0.0] AndroidManifest.xml:18:5-42
MERGED from [com.android.support:support-v4:23.0.1] AndroidManifest.xml:20:5-43
MERGED from [com.google.android.gms:play-services-wearable:7.0.0] AndroidManifest.xml:18:5-42
MERGED from [com.google.android.gms:play-services-base:7.0.0] AndroidManifest.xml:18:5-42
MERGED from [com.android.support:support-v4:23.0.1] AndroidManifest.xml:20:5-43
MERGED from [com.android.support:appcompat-v7:23.0.1] AndroidManifest.xml:20:5-43
MERGED from [com.android.support:support-v4:23.0.1] AndroidManifest.xml:20:5-43
MERGED from [com.android.support:cardview-v7:23.0.1] AndroidManifest.xml:20:5-43
MERGED from [com.android.support:design:23.0.1] AndroidManifest.xml:20:5-43
MERGED from [com.android.support:support-v4:23.0.1] AndroidManifest.xml:20:5-43
MERGED from [com.android.support:appcompat-v7:23.0.1] AndroidManifest.xml:20:5-43
MERGED from [com.android.support:support-v4:23.0.1] AndroidManifest.xml:20:5-43
MERGED from [com.android.support:support-v13:23.0.1] AndroidManifest.xml:20:5-44
MERGED from [com.android.support:support-v4:23.0.1] AndroidManifest.xml:20:5-43
MERGED from [:android-sliding-up-panel-master-8129831576:] AndroidManifest.xml:7:5-43
MERGED from [com.google.maps.android:android-maps-utils:0.3.4] AndroidManifest.xml:5:5-43
MERGED from [com.android.support.test.espresso:espresso-idling-resource:2.0] AndroidManifest.xml:20:5-22:41
	android:targetSdkVersion
		INJECTED from src/main/AndroidManifest.xml
		INJECTED from src/main/AndroidManifest.xml
	android:minSdkVersion
		INJECTED from src/main/AndroidManifest.xml
		INJECTED from src/main/AndroidManifest.xml